<?xml version="1.0" encoding="UTF-8"?>
<!-- Generated by org.testng.reporters.JUnitReportReporter -->
<testsuite hostname="DESKTOP-P6F1DDQ" failures="0" tests="1" name="Action.ActionDragAndDrop" time="12.954" errors="0" timestamp="2024-12-08T20:11:26 IST" skipped="0">
  <testcase classname="Action.ActionDragAndDrop" name="dragAndDrop" time="12.954"/>
  <system-out/>
</testsuite> <!-- Action.ActionDragAndDrop -->
