<?xml version="1.0" encoding="UTF-8"?>
<!-- Generated by org.testng.reporters.JUnitReportReporter -->
<testsuite hostname="DESKTOP-P6F1DDQ" failures="0" tests="3" name="basics.NewTest" time="0.027" errors="0" timestamp="2024-05-12T11:00:03 IST" skipped="0">
  <testcase classname="basics.NewTest" name="testthree" time="0.002"/>
  <system-out/>
  <testcase classname="basics.NewTest" name="testtwo" time="0.005"/>
  <system-out/>
  <testcase classname="basics.NewTest" name="testone" time="0.020"/>
  <system-out/>
</testsuite> <!-- basics.NewTest -->
