<?xml version="1.0" encoding="UTF-8"?>
<!-- Generated by org.testng.reporters.JUnitReportReporter -->
<testsuite hostname="DESKTOP-P6F1DDQ" failures="0" tests="1" name="Page_Object_Model.LoginTest" time="2.197" errors="0" timestamp="2024-06-07T19:05:55 IST" skipped="0">
  <testcase classname="Page_Object_Model.LoginTest" name="testLogin" time="2.197"/>
  <system-out/>
</testsuite> <!-- Page_Object_Model.LoginTest -->
