<?xml version="1.0" encoding="UTF-8"?>
<!-- Generated by org.testng.reporters.JUnitReportReporter -->
<testsuite hostname="DESKTOP-P6F1DDQ" failures="0" tests="2" name="testng.AllAnnotations" time="0.034" errors="0" timestamp="2024-06-22T18:03:40 IST" skipped="0">
  <testcase classname="testng.AllAnnotations" name="Test2" time="0.010"/>
  <system-out/>
  <testcase classname="testng.AllAnnotations" name="Test1" time="0.024"/>
  <system-out/>
</testsuite> <!-- testng.AllAnnotations -->
