<?xml version="1.0" encoding="UTF-8"?>
<!-- Generated by org.testng.reporters.JUnitReportReporter -->
<testsuite hostname="DESKTOP-P6F1DDQ" failures="0" tests="3" name="testng.Grouping" time="0.016" errors="0" timestamp="2024-05-24T13:57:50 IST" skipped="0">
  <testcase classname="testng.Grouping" name="signupbyfacebook" time="0.012"/>
  <system-out/>
  <testcase classname="testng.Grouping" name="signupbytwitter" time="0.003"/>
  <system-out/>
  <testcase classname="testng.Grouping" name="paymentReturnbyBank" time="0.001"/>
  <system-out/>
</testsuite> <!-- testng.Grouping -->
