<?xml version="1.0" encoding="UTF-8"?>
<!-- Generated by org.testng.reporters.JUnitReportReporter -->
<testsuite hostname="DESKTOP-P6F1DDQ" failures="0" tests="1" name="Action.MouseHover.MouseHover" time="18.484" errors="0" timestamp="2024-12-08T17:45:58 IST" skipped="0">
  <testcase classname="Action.MouseHover.MouseHover" name="movToElement" time="18.484"/>
  <system-out/>
</testsuite> <!-- Action.MouseHover.MouseHover -->
