<?xml version="1.0" encoding="UTF-8"?>
<!-- Generated by org.testng.reporters.JUnitReportReporter -->
<testsuite hostname="DESKTOP-P6F1DDQ" failures="0" tests="2" name="testNgPractice170824.Day1" time="0.017" errors="0" timestamp="2024-08-17T12:06:02 IST" skipped="0">
  <testcase classname="testNgPractice170824.Day1" name="test1" time="0.014"/>
  <system-out/>
  <testcase classname="testNgPractice170824.Day1" name="test2" time="0.003"/>
  <system-out/>
</testsuite> <!-- testNgPractice170824.Day1 -->
