<?xml version="1.0" encoding="UTF-8"?>
<!-- Generated by org.testng.reporters.JUnitReportReporter -->
<testsuite hostname="DESKTOP-P6F1DDQ" failures="0" tests="2" name="testng.AnnotationsDemo2" time="0.013" errors="0" timestamp="2024-05-23T13:46:48 IST" skipped="0">
  <testcase classname="testng.AnnotationsDemo2" name="Search" time="0.009"/>
  <system-out/>
  <testcase classname="testng.AnnotationsDemo2" name="AdvanceSearch" time="0.004"/>
  <system-out/>
</testsuite> <!-- testng.AnnotationsDemo2 -->
