<?xml version="1.0" encoding="UTF-8"?>
<!-- Generated by org.testng.reporters.JUnitReportReporter -->
<testsuite hostname="DESKTOP-P6F1DDQ" failures="0" tests="1" name="Page_Object_Model.AmazonAutoSuggestMain" time="20.289" errors="0" timestamp="2024-06-19T17:39:56 IST" skipped="0">
  <testcase classname="Page_Object_Model.AmazonAutoSuggestMain" name="autoSuggest" time="20.289"/>
  <system-out/>
</testsuite> <!-- Page_Object_Model.AmazonAutoSuggestMain -->
