<?xml version="1.0" encoding="UTF-8"?>
<!-- Generated by org.testng.reporters.JUnitReportReporter -->
<testsuite hostname="DESKTOP-P6F1DDQ" failures="0" tests="11" name="RamdomPractice1.WebShopTestNG" time="26.257" errors="0" timestamp="2024-08-14T11:04:17 IST" skipped="0">
  <testcase classname="RamdomPractice1.WebShopTestNG" name="selectBooks" time="3.839"/>
  <system-out/>
  <testcase classname="RamdomPractice1.WebShopTestNG" name="addToCart" time="7.085"/>
  <system-out/>
  <testcase classname="RamdomPractice1.WebShopTestNG" name="verify3Products" time="1.429"/>
  <system-out/>
  <testcase classname="RamdomPractice1.WebShopTestNG" name="verifyCorrectProducts" time="0.102"/>
  <system-out/>
  <testcase classname="RamdomPractice1.WebShopTestNG" name="enterShippingDetails" time="2.895"/>
  <system-out/>
  <testcase classname="RamdomPractice1.WebShopTestNG" name="verifyTitle" time="1.381"/>
  <system-out/>
  <testcase classname="RamdomPractice1.WebShopTestNG" name="billingAddress" time="1.523"/>
  <system-out/>
  <testcase classname="RamdomPractice1.WebShopTestNG" name="shippingAddres" time="2.703"/>
  <system-out/>
  <testcase classname="RamdomPractice1.WebShopTestNG" name="shippingMethod" time="0.797"/>
  <system-out/>
  <testcase classname="RamdomPractice1.WebShopTestNG" name="paymentMethod" time="1.383"/>
  <system-out/>
  <testcase classname="RamdomPractice1.WebShopTestNG" name="verifyOrderMessage" time="3.120"/>
  <system-out/>
</testsuite> <!-- RamdomPractice1.WebShopTestNG -->
