<?xml version="1.0" encoding="UTF-8"?>
<!-- Generated by org.testng.reporters.JUnitReportReporter -->
<testsuite hostname="DESKTOP-P6F1DDQ" failures="0" tests="1" name="basics.SecondTest" time="2.304" errors="0" timestamp="2024-05-12T12:46:08 IST" skipped="0">
  <testcase classname="basics.SecondTest" name="Login" time="2.304"/>
  <system-out/>
</testsuite> <!-- basics.SecondTest -->
