<?xml version="1.0" encoding="UTF-8"?>
<!-- Generated by org.testng.reporters.JUnitReportReporter -->
<testsuite hostname="DESKTOP-P6F1DDQ" failures="0" tests="3" name="testng.SampleTestNg" time="9.262" errors="0" timestamp="2024-05-23T10:44:56 IST" skipped="0">
  <testcase classname="testng.SampleTestNg" name="OpenApp" time="8.190"/>
  <system-out/>
  <testcase classname="testng.SampleTestNg" name="Login" time="0.872"/>
  <system-out/>
  <testcase classname="testng.SampleTestNg" name="CloseApp" time="0.200"/>
  <system-out/>
</testsuite> <!-- testng.SampleTestNg -->
