<?xml version="1.0" encoding="UTF-8"?>
<!-- Generated by org.testng.reporters.JUnitReportReporter -->
<testsuite hostname="DESKTOP-P6F1DDQ" failures="0" tests="2" name="testng.AnnotationsDemo1" time="0.023" errors="0" timestamp="2024-05-23T13:41:09 IST" skipped="0">
  <testcase classname="testng.AnnotationsDemo1" name="Search" time="0.009"/>
  <system-out/>
  <testcase classname="testng.AnnotationsDemo1" name="AdvanceSearch" time="0.014"/>
  <system-out/>
</testsuite> <!-- testng.AnnotationsDemo1 -->
