<?xml version="1.0" encoding="UTF-8"?>
<!-- Generated by org.testng.reporters.JUnitReportReporter -->
<testsuite hostname="DESKTOP-P6F1DDQ" failures="0" tests="1" name="Action.ActionsContextClick" time="12.330" errors="0" timestamp="2024-12-08T19:53:51 IST" skipped="0">
  <testcase classname="Action.ActionsContextClick" name="actContextClick" time="12.330"/>
  <system-out/>
</testsuite> <!-- Action.ActionsContextClick -->
