<?xml version="1.0" encoding="UTF-8"?>
<!-- Generated by org.testng.reporters.JUnitReportReporter -->
<testsuite hostname="DESKTOP-P6F1DDQ" failures="0" tests="1" name="webTables.WebTablehandleMukesh" time="11.893" errors="0" timestamp="2025-01-22T00:22:14 IST" skipped="0">
  <testcase classname="webTables.WebTablehandleMukesh" name="webTable" time="11.893"/>
  <system-out/>
</testsuite> <!-- webTables.WebTablehandleMukesh -->
