<?xml version="1.0" encoding="UTF-8"?>
<!-- Generated by org.testng.reporters.JUnitReportReporter -->
<testsuite hostname="DESKTOP-P6F1DDQ" failures="0" tests="3" name="testng.FirstTest" time="0.019" errors="0" timestamp="2024-05-23T12:05:07 IST" skipped="0">
  <testcase classname="testng.FirstTest" name="test1" time="0.012"/>
  <system-out/>
  <testcase classname="testng.FirstTest" name="test2" time="0.004"/>
  <system-out/>
  <testcase classname="testng.FirstTest" name="test3" time="0.003"/>
  <system-out/>
</testsuite> <!-- testng.FirstTest -->
